<?xml version="1.0" encoding="UTF-8"?>
<!-- Generated by org.testng.reporters.JUnitXMLReporter -->
<testsuite ignored="0" hostname="DESKTOP-5FQ3IGC" failures="0" tests="23" name="Test" time="666.797" errors="0" timestamp="2021-08-02T13:42:15 IST">
  <testcase classname="com.qa.amazon.testcases.LoginPageTest" name="PageTitleTest" time="0.127"/>
  <testcase classname="com.qa.amazon.testcases.LoginPageTest" name="forgotPasswordTest" time="15.631"/>
  <testcase classname="com.qa.amazon.testcases.LoginPageTest" name="crmProClassicUserTest" time="15.025"/>
  <testcase classname="com.qa.amazon.testcases.LoginPageTest" name="signupLinkTest" time="8.903"/>
  <testcase classname="com.qa.amazon.testcases.LoginPageTest" name="LoginTest" time="5.79"/>
  <testcase classname="com.qa.amazon.testcases.LandingPageTest" name="pageTitleTest" time="0.008"/>
  <testcase classname="com.qa.amazon.testcases.LandingPageTest" name="pageLogoTest" time="1.596"/>
  <testcase classname="com.qa.amazon.testcases.LandingPageTest" name="pageSignUpTest" time="0.56"/>
  <testcase classname="com.qa.amazon.testcases.LandingPageTest" name="logInPageTest" time="3.585"/>
  <testcase classname="com.qa.amazon.testcases.HomePageTest" name="homePageatitleTest" time="0.1"/>
  <testcase classname="com.qa.amazon.testcases.HomePageTest" name="homeLinkTest" time="4.303"/>
  <testcase classname="com.qa.amazon.testcases.HomePageTest" name="calendarLinkTest" time="3.76"/>
  <testcase classname="com.qa.amazon.testcases.HomePageTest" name="contactsLinkTest" time="3.267"/>
  <testcase classname="com.qa.amazon.testcases.HomePageTest" name="companiesLinkTest" time="4.482"/>
  <testcase classname="com.qa.amazon.testcases.HomePageTest" name="dealsLinkTest" time="3.506"/>
  <testcase classname="com.qa.amazon.testcases.HomePageTest" name="tasksLinkTest" time="3.492"/>
  <testcase classname="com.qa.amazon.testcases.HomePageTest" name="casesLinkTest" time="3.42"/>
  <testcase classname="com.qa.amazon.testcases.HomePageTest" name="callsLinkTest" time="4.57"/>
  <testcase classname="com.qa.amazon.testcases.HomePageTest" name="documentsLinkTest" time="3.09"/>
  <testcase classname="com.qa.amazon.testcases.HomePageTest" name="emailLinkTest" time="3.6"/>
  <testcase classname="com.qa.amazon.testcases.HomePageTest" name="campaignsLinkTest" time="5.541"/>
  <testcase classname="com.qa.amazon.testcases.HomePageTest" name="formsLinkTest" time="2.676"/>
  <testcase classname="com.qa.amazon.testcases.HomePageTest" name="userNameTest" time="3.354"/>
</testsuite> <!-- Test -->
